Using pre-set license
Built from '2020.3/staging' branch; Version is '2020.3.24f1 (79c78de19888) revision 7980941'; Using compiler version '192528614'; Build Type 'Release'
OS: 'Windows 10  (10.0.19044) 64bit Professional' Language: 'ko' Physical Memory: 16153 MB
BatchMode: 1, IsHumanControllingUs: 0, StartBugReporterOnCrash: 0, Is64bit: 1, IsPro: 0

COMMAND LINE ARGUMENTS:
C:\Program Files\Unity\Hub\Editor\2020.3.24f1\Editor\Unity.exe
-adb2
-batchMode
-noUpm
-name
AssetImportWorker0
-projectPath
C:/Users/park/Desktop/겨울방학/2A_WinterFPS
-logFile
Logs/AssetImportWorker0.log
-srvPort
59019
Successfully changed project path to: C:/Users/park/Desktop/겨울방학/2A_WinterFPS
C:/Users/park/Desktop/겨울방학/2A_WinterFPS
Using Asset Import Pipeline V2.
Refreshing native plugins compatible for Editor in 54.53 ms, found 2 plugins.
Preloading 0 native plugins for Editor in 0.00 ms.
Initialize engine version: 2020.3.24f1 (79c78de19888)
[Subsystems] Discovering subsystems at path C:/Program Files/Unity/Hub/Editor/2020.3.24f1/Editor/Data/Resources/UnitySubsystems
[Subsystems] Discovering subsystems at path C:/Users/park/Desktop/겨울방학/2A_WinterFPS/Assets
GfxDevice: creating device client; threaded=0
Direct3D:
    Version:  Direct3D 11.0 [level 11.1]
    Renderer: NVIDIA GeForce RTX 3070 Laptop GPU (ID=0x249d)
    Vendor:   
    VRAM:     8044 MB
    Driver:   30.0.14.9709
Initialize mono
Mono path[0] = 'C:/Program Files/Unity/Hub/Editor/2020.3.24f1/Editor/Data/Managed'
Mono path[1] = 'C:/Program Files/Unity/Hub/Editor/2020.3.24f1/Editor/Data/MonoBleedingEdge/lib/mono/unityjit'
Mono config path = 'C:/Program Files/Unity/Hub/Editor/2020.3.24f1/Editor/Data/MonoBleedingEdge/etc'
Using monoOptions --debugger-agent=transport=dt_socket,embedding=1,server=y,suspend=n,address=127.0.0.1:56960
Begin MonoManager ReloadAssembly
Registering precompiled unity dll's ...
Register platform support module: C:/Program Files/Unity/Hub/Editor/2020.3.24f1/Editor/Data/PlaybackEngines/WebGLSupport/UnityEditor.WebGL.Extensions.dll
Register platform support module: C:/Program Files/Unity/Hub/Editor/2020.3.24f1/Editor/Data/PlaybackEngines/WindowsStandaloneSupport/UnityEditor.WindowsStandalone.Extensions.dll
Registered in 0.002733 seconds.
Native extension for WindowsStandalone target not found
Native extension for WebGL target not found
Refreshing native plugins compatible for Editor in 53.49 ms, found 2 plugins.
Preloading 0 native plugins for Editor in 0.00 ms.
Mono: successfully reloaded assembly
- Completed reload, in  0.617 seconds
Domain Reload Profiling:
	ReloadAssembly (617ms)
		BeginReloadAssembly (60ms)
			ExecutionOrderSort (0ms)
			DisableScriptedObjects (0ms)
			BackupInstance (0ms)
			ReleaseScriptingObjects (0ms)
			CreateAndSetChildDomain (1ms)
		EndReloadAssembly (473ms)
			LoadAssemblies (57ms)
			RebuildTransferFunctionScriptingTraits (0ms)
			SetupTypeCache (164ms)
			ReleaseScriptCaches (0ms)
			RebuildScriptCaches (28ms)
			SetupLoadedEditorAssemblies (180ms)
				LogAssemblyErrors (0ms)
				InitializePlatformSupportModulesInManaged (7ms)
				SetLoadedEditorAssemblies (0ms)
				RefreshPlugins (54ms)
				BeforeProcessingInitializeOnLoad (14ms)
				ProcessInitializeOnLoadAttributes (77ms)
				ProcessInitializeOnLoadMethodAttributes (28ms)
				AfterProcessingInitializeOnLoad (0ms)
				EditorAssembliesLoaded (0ms)
			ExecutionOrderSort2 (0ms)
			AwakeInstancesAfterBackupRestoration (0ms)
Platform modules already initialized, skipping
Registering precompiled user dll's ...
Registered in 0.005171 seconds.
Begin MonoManager ReloadAssembly
Native extension for WindowsStandalone target not found
Native extension for WebGL target not found
Refreshing native plugins compatible for Editor in 0.79 ms, found 2 plugins.
Preloading 0 native plugins for Editor in 0.00 ms.
Mono: successfully reloaded assembly
- Completed reload, in  1.086 seconds
Domain Reload Profiling:
	ReloadAssembly (1087ms)
		BeginReloadAssembly (148ms)
			ExecutionOrderSort (0ms)
			DisableScriptedObjects (6ms)
			BackupInstance (0ms)
			ReleaseScriptingObjects (0ms)
			CreateAndSetChildDomain (23ms)
		EndReloadAssembly (873ms)
			LoadAssemblies (92ms)
			RebuildTransferFunctionScriptingTraits (0ms)
			SetupTypeCache (304ms)
			ReleaseScriptCaches (1ms)
			RebuildScriptCaches (50ms)
			SetupLoadedEditorAssemblies (328ms)
				LogAssemblyErrors (0ms)
				InitializePlatformSupportModulesInManaged (5ms)
				SetLoadedEditorAssemblies (0ms)
				RefreshPlugins (1ms)
				BeforeProcessingInitializeOnLoad (97ms)
				ProcessInitializeOnLoadAttributes (205ms)
				ProcessInitializeOnLoadMethodAttributes (11ms)
				AfterProcessingInitializeOnLoad (8ms)
				EditorAssembliesLoaded (0ms)
			ExecutionOrderSort2 (0ms)
			AwakeInstancesAfterBackupRestoration (8ms)
Platform modules already initialized, skipping
========================================================================
Worker process is ready to serve import requests
Launched and connected shader compiler UnityShaderCompiler.exe after 0.05 seconds
Refreshing native plugins compatible for Editor in 0.67 ms, found 2 plugins.
Preloading 0 native plugins for Editor in 0.00 ms.
Unloading 2143 Unused Serialized files (Serialized files now loaded: 0)
System memory in use before: 165.4 MB.
System memory in use after: 165.4 MB.

Unloading 21 unused Assets to reduce memory usage. Loaded Objects now: 2579.
Total: 3.166100 ms (FindLiveObjects: 0.164500 ms CreateObjectMapping: 0.041100 ms MarkObjects: 2.827300 ms  DeleteObjects: 0.131500 ms)

AssetImportParameters requested are different than current active one (requested -> active):
  custom:framework-win-MediaFoundation: 216162199b28c13a410421893ffa2e32 -> 
  custom:video-decoder-ogg-theora: a1e56fd34408186e4bbccfd4996cb3dc -> 
  custom:container-muxer-webm: aa71ff27fc2769a1b78a27578f13a17b -> 
  custom:container-demuxer-webm: 4f35f7cbe854078d1ac9338744f61a02 -> 
  custom:container-demuxer-ogg: 62fdf1f143b41e24485cea50d1cbac27 -> 
  custom:video-encoder-webm-vp8: eb34c28f22e8b96e1ab97ce403110664 -> 
  custom:video-decoder-webm-vp8: 9c59270c3fd7afecdb556c50c9e8de78 -> 
  custom:audio-decoder-ogg-vorbis: bf7c407c2cedff20999df2af8eb42d56 -> 
  custom:audio-encoder-webm-vorbis: bf7c407c2cedff20999df2af8eb42d56 -> 
========================================================================
Received Import Request.
  path: Assets/FPS/Prefabs/Level/MainLvl/Section1
  artifactKey: Guid(fb2302e8c1e0690458332824f2ba5b1f) Importer(815301076,1909f56bfc062723c751e8b465ee728b)
Start importing Assets/FPS/Prefabs/Level/MainLvl/Section1 using Guid(fb2302e8c1e0690458332824f2ba5b1f) Importer(815301076,1909f56bfc062723c751e8b465ee728b)  -> (artifact id: '5314fd5fb6543f148e86faeae8129a86') in 0.010907 seconds 
  Import took 0.016361 seconds .

========================================================================
Received Import Request.
  Time since last request: 0.000230 seconds.
  path: Assets/FPS/Prefabs/Level/MainLvl/Section1/Observatory.prefab
  artifactKey: Guid(659fddafec3ba284aaa98efbc1d55aed) Importer(815301076,1909f56bfc062723c751e8b465ee728b)
Start importing Assets/FPS/Prefabs/Level/MainLvl/Section1/Observatory.prefab using Guid(659fddafec3ba284aaa98efbc1d55aed) Importer(815301076,1909f56bfc062723c751e8b465ee728b)  -> (artifact id: '18c6c8ce2f05019b60e5a5317edfd101') in 0.114679 seconds 
  Import took 0.120783 seconds .

========================================================================
Received Import Request.
  Time since last request: 0.000220 seconds.
  path: Assets/FPS/Prefabs/Level/MainLvl/Section1/Observatory_Steps.prefab
  artifactKey: Guid(a1d9ebebecbf99e41bf34fcd5b5e9f62) Importer(815301076,1909f56bfc062723c751e8b465ee728b)
Start importing Assets/FPS/Prefabs/Level/MainLvl/Section1/Observatory_Steps.prefab using Guid(a1d9ebebecbf99e41bf34fcd5b5e9f62) Importer(815301076,1909f56bfc062723c751e8b465ee728b)  -> (artifact id: 'eee7c8cf9e2a4a3a4292b32a72eb8d29') in 0.024982 seconds 
  Import took 0.030867 seconds .

========================================================================
Received Import Request.
  Time since last request: 0.000293 seconds.
  path: Assets/FPS/Prefabs/Level/MainLvl/Section1/Observatory_Hall.prefab
  artifactKey: Guid(a3c82ee5effb7634f949be4798cda766) Importer(815301076,1909f56bfc062723c751e8b465ee728b)
Start importing Assets/FPS/Prefabs/Level/MainLvl/Section1/Observatory_Hall.prefab using Guid(a3c82ee5effb7634f949be4798cda766) Importer(815301076,1909f56bfc062723c751e8b465ee728b)  -> (artifact id: '9f6c5629bc205925ae686075b4603be4') in 0.019795 seconds 
  Import took 0.025383 seconds .

========================================================================
Received Import Request.
  Time since last request: 0.000177 seconds.
  path: Assets/FPS/Prefabs/Level/MainLvl/Section1/Observatory_Ramp.prefab
  artifactKey: Guid(cf150224d27671b43b579910ad5ce98c) Importer(815301076,1909f56bfc062723c751e8b465ee728b)
Start importing Assets/FPS/Prefabs/Level/MainLvl/Section1/Observatory_Ramp.prefab using Guid(cf150224d27671b43b579910ad5ce98c) Importer(815301076,1909f56bfc062723c751e8b465ee728b)  -> (artifact id: '1088761bf8aa3a98305d2f7fb672ef24') in 0.032430 seconds 
  Import took 0.036686 seconds .

========================================================================
Received Import Request.
  Time since last request: 0.000378 seconds.
  path: Assets/FPS/Prefabs/Level/MainLvl/Section1/Observatory_Pit.prefab
  artifactKey: Guid(5af68970c2b97a343b406f11c91cc4fd) Importer(815301076,1909f56bfc062723c751e8b465ee728b)
Start importing Assets/FPS/Prefabs/Level/MainLvl/Section1/Observatory_Pit.prefab using Guid(5af68970c2b97a343b406f11c91cc4fd) Importer(815301076,1909f56bfc062723c751e8b465ee728b)  -> (artifact id: '33e0151fcbb86ea8db64a771bbc87307') in 0.025081 seconds 
  Import took 0.031996 seconds .

========================================================================
Received Import Request.
  Time since last request: 13.694700 seconds.
  path: Assets/FPS/Prefabs/UI
  artifactKey: Guid(5d0d62d902da4e140ac9ff14c4f0324f) Importer(815301076,1909f56bfc062723c751e8b465ee728b)
Start importing Assets/FPS/Prefabs/UI using Guid(5d0d62d902da4e140ac9ff14c4f0324f) Importer(815301076,1909f56bfc062723c751e8b465ee728b)  -> (artifact id: 'f0bb11a661f092e3a8fb5431038761a2') in 0.006904 seconds 
  Import took 0.011512 seconds .

========================================================================
Received Import Request.
  Time since last request: 0.077491 seconds.
  path: Assets/FPS/Prefabs/UI/AmmoCounter.prefab
  artifactKey: Guid(381e109c8e235f54cbcfbe7434554e49) Importer(815301076,1909f56bfc062723c751e8b465ee728b)
Start importing Assets/FPS/Prefabs/UI/AmmoCounter.prefab using Guid(381e109c8e235f54cbcfbe7434554e49) Importer(815301076,1909f56bfc062723c751e8b465ee728b)  -> (artifact id: '74ee1213e266f5d2744c7a1cc5f1b9e4') in 0.083882 seconds 
  Import took 0.089759 seconds .

========================================================================
Received Import Request.
  Time since last request: 0.000258 seconds.
  path: Assets/FPS/Prefabs/UI/CompassMarkerEnemy.prefab
  artifactKey: Guid(513785daf84f2a243b0cda079e6835cd) Importer(815301076,1909f56bfc062723c751e8b465ee728b)
Start importing Assets/FPS/Prefabs/UI/CompassMarkerEnemy.prefab using Guid(513785daf84f2a243b0cda079e6835cd) Importer(815301076,1909f56bfc062723c751e8b465ee728b)  -> (artifact id: '9d729d8725ababc41dcea79e0cd83be4') in 0.011239 seconds 
  Import took 0.016468 seconds .

========================================================================
Received Import Request.
  Time since last request: 0.000250 seconds.
  path: Assets/FPS/Prefabs/UI/NotificationToast.prefab
  artifactKey: Guid(791e30b832d8b814c82d519317a16e6d) Importer(815301076,1909f56bfc062723c751e8b465ee728b)
Start importing Assets/FPS/Prefabs/UI/NotificationToast.prefab using Guid(791e30b832d8b814c82d519317a16e6d) Importer(815301076,1909f56bfc062723c751e8b465ee728b)  -> (artifact id: '772c8b9fa7f132fc6a17760af7a19543') in 0.017309 seconds 
  Import took 0.021969 seconds .

========================================================================
Received Import Request.
  Time since last request: 0.000191 seconds.
  path: Assets/FPS/Prefabs/UI/ObjectiveToastSecondary.prefab
  artifactKey: Guid(418abff609b9b754ba25e34faf58edf4) Importer(815301076,1909f56bfc062723c751e8b465ee728b)
Start importing Assets/FPS/Prefabs/UI/ObjectiveToastSecondary.prefab using Guid(418abff609b9b754ba25e34faf58edf4) Importer(815301076,1909f56bfc062723c751e8b465ee728b)  -> (artifact id: 'c1f948074c183f59e7fc4797ce333509') in 0.036014 seconds 
  Import took 0.040585 seconds .

========================================================================
Received Import Request.
  Time since last request: 0.000167 seconds.
  path: Assets/FPS/Prefabs/UI/ObjectiveToastPrimary.prefab
  artifactKey: Guid(825d6b0d7b3a7394a9f51c7b6900c135) Importer(815301076,1909f56bfc062723c751e8b465ee728b)
Start importing Assets/FPS/Prefabs/UI/ObjectiveToastPrimary.prefab using Guid(825d6b0d7b3a7394a9f51c7b6900c135) Importer(815301076,1909f56bfc062723c751e8b465ee728b)  -> (artifact id: '0b76cf99885d9471df2d7350d82b06fe') in 0.022761 seconds 
  Import took 0.027290 seconds .

========================================================================
Received Import Request.
  Time since last request: 0.000212 seconds.
  path: Assets/FPS/Prefabs/UI/InGameMenu.prefab
  artifactKey: Guid(08dec1e68a552c649889571e90fa7b2d) Importer(815301076,1909f56bfc062723c751e8b465ee728b)
Start importing Assets/FPS/Prefabs/UI/InGameMenu.prefab using Guid(08dec1e68a552c649889571e90fa7b2d) Importer(815301076,1909f56bfc062723c751e8b465ee728b)  -> (artifact id: 'afe6514f5179a6e4fb92570edfa43dda') in 0.089549 seconds 
  Import took 0.094176 seconds .

========================================================================
Received Import Request.
  Time since last request: 0.000261 seconds.
  path: Assets/FPS/Prefabs/UI/CompassMarkerObjective.prefab
  artifactKey: Guid(17f7957746eb62b4fa1ebe22ad280c34) Importer(815301076,1909f56bfc062723c751e8b465ee728b)
Start importing Assets/FPS/Prefabs/UI/CompassMarkerObjective.prefab using Guid(17f7957746eb62b4fa1ebe22ad280c34) Importer(815301076,1909f56bfc062723c751e8b465ee728b)  -> (artifact id: '148013b03147b036c9fb12996bfa2c6c') in 0.012336 seconds 
  Import took 0.016412 seconds .

========================================================================
Received Import Request.
  Time since last request: 0.000241 seconds.
  path: Assets/FPS/Prefabs/UI/GameHUD.prefab
  artifactKey: Guid(7ff14361843237d43afc85e1cb16e295) Importer(815301076,1909f56bfc062723c751e8b465ee728b)
Start importing Assets/FPS/Prefabs/UI/GameHUD.prefab using Guid(7ff14361843237d43afc85e1cb16e295) Importer(815301076,1909f56bfc062723c751e8b465ee728b)  -> (artifact id: '76438335f67ce598f3ff79a0e4c7d211') in 0.092098 seconds 
  Import took 0.097282 seconds .

========================================================================
Received Import Request.
  Time since last request: 0.000202 seconds.
  path: Assets/FPS/Prefabs/UI/GameMessageGeneric.prefab
  artifactKey: Guid(dbfc7742a2f49bf42a9a012e4ec4b773) Importer(815301076,1909f56bfc062723c751e8b465ee728b)
Start importing Assets/FPS/Prefabs/UI/GameMessageGeneric.prefab using Guid(dbfc7742a2f49bf42a9a012e4ec4b773) Importer(815301076,1909f56bfc062723c751e8b465ee728b)  -> (artifact id: '68566d21f346932829ffc7967887c572') in 0.018810 seconds 
  Import took 0.023608 seconds .

========================================================================
Received Import Request.
  Time since last request: 0.000221 seconds.
  path: Assets/FPS/Prefabs/UI/CompassMarkerDirection.prefab
  artifactKey: Guid(921d2796cf4779f4392d4e2f9f36cb6b) Importer(815301076,1909f56bfc062723c751e8b465ee728b)
Start importing Assets/FPS/Prefabs/UI/CompassMarkerDirection.prefab using Guid(921d2796cf4779f4392d4e2f9f36cb6b) Importer(815301076,1909f56bfc062723c751e8b465ee728b)  -> (artifact id: 'c0832664f19225c2daf9e7a060a1bb03') in 0.021670 seconds 
  Import took 0.025903 seconds .

========================================================================
Received Import Request.
  Time since last request: 0.000323 seconds.
  path: Assets/FPS/Prefabs/UI/WinGameMessage.prefab
  artifactKey: Guid(f981094eb6c2a6f4f8a56f85c606e3d1) Importer(815301076,1909f56bfc062723c751e8b465ee728b)
Start importing Assets/FPS/Prefabs/UI/WinGameMessage.prefab using Guid(f981094eb6c2a6f4f8a56f85c606e3d1) Importer(815301076,1909f56bfc062723c751e8b465ee728b)  -> (artifact id: 'd1beaddc8451bc0a36539f8ccb040ffc') in 0.018011 seconds 
  Import took 0.024728 seconds .

========================================================================
Received Import Request.
  Time since last request: 1.284946 seconds.
  path: Assets/FPS/Prefabs/Level/MainLvl/Section2/Entry_Section.prefab
  artifactKey: Guid(02eee05f11a824a40bff1529b0c3c055) Importer(815301076,1909f56bfc062723c751e8b465ee728b)
Start importing Assets/FPS/Prefabs/Level/MainLvl/Section2/Entry_Section.prefab using Guid(02eee05f11a824a40bff1529b0c3c055) Importer(815301076,1909f56bfc062723c751e8b465ee728b)  -> (artifact id: 'adebc58a27c12184514688ead3fad1dd') in 0.033696 seconds 
  Import took 0.040204 seconds .

========================================================================
Received Import Request.
  Time since last request: 0.000216 seconds.
  path: Assets/FPS/Prefabs/Level/MainLvl/Section2/Steps.prefab
  artifactKey: Guid(07eb2806dae146240b327bbd547410b9) Importer(815301076,1909f56bfc062723c751e8b465ee728b)
Start importing Assets/FPS/Prefabs/Level/MainLvl/Section2/Steps.prefab using Guid(07eb2806dae146240b327bbd547410b9) Importer(815301076,1909f56bfc062723c751e8b465ee728b)  -> (artifact id: '7ea4055df4b7986667c7a900d8d61c11') in 0.018264 seconds 
  Import took 0.023577 seconds .

========================================================================
Received Import Request.
  Time since last request: 0.000209 seconds.
  path: Assets/FPS/Prefabs/Level/MainLvl/Section2/Floors_Entry.prefab
  artifactKey: Guid(bd9186550cf002443b7b6c64c4f7a0b2) Importer(815301076,1909f56bfc062723c751e8b465ee728b)
Start importing Assets/FPS/Prefabs/Level/MainLvl/Section2/Floors_Entry.prefab using Guid(bd9186550cf002443b7b6c64c4f7a0b2) Importer(815301076,1909f56bfc062723c751e8b465ee728b)  -> (artifact id: 'e6a2e81ca920a14cbd58d6b7fd0bdf69') in 0.016161 seconds 
  Import took 0.020882 seconds .

========================================================================
Received Import Request.
  Time since last request: 0.000275 seconds.
  path: Assets/FPS/Prefabs/Level/MainLvl/Section2/Entryway_Jumps.prefab
  artifactKey: Guid(b4b6ce0a68f3cd94fac6085cd3351fc5) Importer(815301076,1909f56bfc062723c751e8b465ee728b)
Start importing Assets/FPS/Prefabs/Level/MainLvl/Section2/Entryway_Jumps.prefab using Guid(b4b6ce0a68f3cd94fac6085cd3351fc5) Importer(815301076,1909f56bfc062723c751e8b465ee728b)  -> (artifact id: '784b023dc2a01465aa3ef10a9c552c63') in 0.016021 seconds 
  Import took 0.020310 seconds .

========================================================================
Received Import Request.
  Time since last request: 0.000230 seconds.
  path: Assets/FPS/Prefabs/Level/MainLvl/Section2/Walls_Entry.prefab
  artifactKey: Guid(a33d95ac04c59de42a7a880bd53d42d8) Importer(815301076,1909f56bfc062723c751e8b465ee728b)
Start importing Assets/FPS/Prefabs/Level/MainLvl/Section2/Walls_Entry.prefab using Guid(a33d95ac04c59de42a7a880bd53d42d8) Importer(815301076,1909f56bfc062723c751e8b465ee728b)  -> (artifact id: 'd3b9f3b40543483ca080fef1ed4ce3e3') in 0.019281 seconds 
  Import took 0.024509 seconds .

========================================================================
Received Import Request.
  Time since last request: 0.588956 seconds.
  path: Assets/FPS/Prefabs/Level/MainLvl/Section3/Balcony.prefab
  artifactKey: Guid(1930017837ac8e64fb22a95f263318a5) Importer(815301076,1909f56bfc062723c751e8b465ee728b)
Start importing Assets/FPS/Prefabs/Level/MainLvl/Section3/Balcony.prefab using Guid(1930017837ac8e64fb22a95f263318a5) Importer(815301076,1909f56bfc062723c751e8b465ee728b)  -> (artifact id: '793fefa2aae8fa4b6e4b0f5386963680') in 0.259717 seconds 
  Import took 0.266572 seconds .

========================================================================
Received Import Request.
  Time since last request: 0.000235 seconds.
  path: Assets/FPS/Prefabs/Level/MainLvl/Section3/Open_Ceiling.prefab
  artifactKey: Guid(c0ceff72c62fad8459244ab9aa143285) Importer(815301076,1909f56bfc062723c751e8b465ee728b)
Start importing Assets/FPS/Prefabs/Level/MainLvl/Section3/Open_Ceiling.prefab using Guid(c0ceff72c62fad8459244ab9aa143285) Importer(815301076,1909f56bfc062723c751e8b465ee728b)  -> (artifact id: '73ba805ba17d49771ee9e522f5b8a5fa') in 0.124826 seconds 
  Import took 0.132579 seconds .

========================================================================
Received Import Request.
  Time since last request: 0.000197 seconds.
  path: Assets/FPS/Prefabs/Level/MainLvl/Section3/Balcony_Ghost.prefab
  artifactKey: Guid(cf4f58d399eadd24aaa1ea13fcf967b8) Importer(815301076,1909f56bfc062723c751e8b465ee728b)
Start importing Assets/FPS/Prefabs/Level/MainLvl/Section3/Balcony_Ghost.prefab using Guid(cf4f58d399eadd24aaa1ea13fcf967b8) Importer(815301076,1909f56bfc062723c751e8b465ee728b)  -> (artifact id: 'c516a4cdaffa744600c19dbc06be4270') in 0.037617 seconds 
  Import took 0.043037 seconds .

========================================================================
Received Import Request.
  Time since last request: 0.000210 seconds.
  path: Assets/FPS/Prefabs/Level/MainLvl/Section3/Base_Wall.prefab
  artifactKey: Guid(544fe380545febf4997d6a45e7a51642) Importer(815301076,1909f56bfc062723c751e8b465ee728b)
Start importing Assets/FPS/Prefabs/Level/MainLvl/Section3/Base_Wall.prefab using Guid(544fe380545febf4997d6a45e7a51642) Importer(815301076,1909f56bfc062723c751e8b465ee728b)  -> (artifact id: '786ee79f582d248988963254c42b9bd8') in 0.032047 seconds 
  Import took 0.039933 seconds .

========================================================================
Received Import Request.
  Time since last request: 0.000226 seconds.
  path: Assets/FPS/Prefabs/Level/MainLvl/Section3/Base_Floor.prefab
  artifactKey: Guid(bc3389451d2e87348833196bc5921074) Importer(815301076,1909f56bfc062723c751e8b465ee728b)
Start importing Assets/FPS/Prefabs/Level/MainLvl/Section3/Base_Floor.prefab using Guid(bc3389451d2e87348833196bc5921074) Importer(815301076,1909f56bfc062723c751e8b465ee728b)  -> (artifact id: '1e6d30a13cd9d83a719114adecff76af') in 0.042848 seconds 
  Import took 0.050042 seconds .

========================================================================
Received Import Request.
  Time since last request: 0.000233 seconds.
  path: Assets/FPS/Prefabs/Level/MainLvl/Section3/Pit_Walls.prefab
  artifactKey: Guid(6f72a8daf2a7b2d4d8c0e3438358a8f1) Importer(815301076,1909f56bfc062723c751e8b465ee728b)
Start importing Assets/FPS/Prefabs/Level/MainLvl/Section3/Pit_Walls.prefab using Guid(6f72a8daf2a7b2d4d8c0e3438358a8f1) Importer(815301076,1909f56bfc062723c751e8b465ee728b)  -> (artifact id: '2aaf47637cda7fc053e82c54d0be3a45') in 0.016862 seconds 
  Import took 0.022274 seconds .

========================================================================
Received Import Request.
  Time since last request: 17.288700 seconds.
  path: Assets/FPS/Prefabs/PBObjects/Floors/PBBasic_Floor.prefab
  artifactKey: Guid(355094681dd488e4bb13ff49bbcee919) Importer(815301076,1909f56bfc062723c751e8b465ee728b)
Start importing Assets/FPS/Prefabs/PBObjects/Floors/PBBasic_Floor.prefab using Guid(355094681dd488e4bb13ff49bbcee919) Importer(815301076,1909f56bfc062723c751e8b465ee728b)  -> (artifact id: '24aaa9ba8e4e0b08ffa22435ec1069a5') in 0.017311 seconds 
  Import took 0.022912 seconds .

========================================================================
Received Import Request.
  Time since last request: 0.000195 seconds.
  path: Assets/FPS/Prefabs/PBObjects/Floors/PBFloor_Indented.prefab
  artifactKey: Guid(3013fbf8357b752438198ff1f3ac02af) Importer(815301076,1909f56bfc062723c751e8b465ee728b)
Start importing Assets/FPS/Prefabs/PBObjects/Floors/PBFloor_Indented.prefab using Guid(3013fbf8357b752438198ff1f3ac02af) Importer(815301076,1909f56bfc062723c751e8b465ee728b)  -> (artifact id: '5b22559c6ba63595f7c29bb3a362b3c7') in 0.019429 seconds 
  Import took 0.023883 seconds .

========================================================================
Received Import Request.
  Time since last request: 0.000245 seconds.
  path: Assets/FPS/Prefabs/PBObjects/Floors/PBFloor_HalfIndented.prefab
  artifactKey: Guid(32faa95f023037845b85edb3fbf50243) Importer(815301076,1909f56bfc062723c751e8b465ee728b)
Start importing Assets/FPS/Prefabs/PBObjects/Floors/PBFloor_HalfIndented.prefab using Guid(32faa95f023037845b85edb3fbf50243) Importer(815301076,1909f56bfc062723c751e8b465ee728b)  -> (artifact id: 'fbce1a0031dccfdab93c6f7ae4430427') in 0.010987 seconds 
  Import took 0.015575 seconds .

========================================================================
Received Prepare
Registering precompiled user dll's ...
Registered in 0.014863 seconds.
Begin MonoManager ReloadAssembly
Native extension for WindowsStandalone target not found
Native extension for WebGL target not found
Refreshing native plugins compatible for Editor in 0.90 ms, found 2 plugins.
Preloading 0 native plugins for Editor in 0.00 ms.
Mono: successfully reloaded assembly
- Completed reload, in  0.933 seconds
Domain Reload Profiling:
	ReloadAssembly (934ms)
		BeginReloadAssembly (114ms)
			ExecutionOrderSort (0ms)
			DisableScriptedObjects (3ms)
			BackupInstance (0ms)
			ReleaseScriptingObjects (0ms)
			CreateAndSetChildDomain (35ms)
		EndReloadAssembly (766ms)
			LoadAssemblies (114ms)
			RebuildTransferFunctionScriptingTraits (0ms)
			SetupTypeCache (250ms)
			ReleaseScriptCaches (1ms)
			RebuildScriptCaches (36ms)
			SetupLoadedEditorAssemblies (282ms)
				LogAssemblyErrors (0ms)
				InitializePlatformSupportModulesInManaged (5ms)
				SetLoadedEditorAssemblies (1ms)
				RefreshPlugins (1ms)
				BeforeProcessingInitializeOnLoad (79ms)
				ProcessInitializeOnLoadAttributes (183ms)
				ProcessInitializeOnLoadMethodAttributes (10ms)
				AfterProcessingInitializeOnLoad (4ms)
				EditorAssembliesLoaded (0ms)
			ExecutionOrderSort2 (0ms)
			AwakeInstancesAfterBackupRestoration (5ms)
Platform modules already initialized, skipping
Refreshing native plugins compatible for Editor in 0.58 ms, found 2 plugins.
Preloading 0 native plugins for Editor in 0.00 ms.
Unloading 2103 Unused Serialized files (Serialized files now loaded: 0)
System memory in use before: 181.2 MB.
System memory in use after: 181.3 MB.

Unloading 20 unused Assets to reduce memory usage. Loaded Objects now: 2589.
Total: 2.349100 ms (FindLiveObjects: 0.154500 ms CreateObjectMapping: 0.035900 ms MarkObjects: 2.074300 ms  DeleteObjects: 0.082500 ms)

AssetImportParameters requested are different than current active one (requested -> active):
  custom:framework-win-MediaFoundation: 216162199b28c13a410421893ffa2e32 -> 
  custom:video-decoder-ogg-theora: a1e56fd34408186e4bbccfd4996cb3dc -> 
  custom:container-muxer-webm: aa71ff27fc2769a1b78a27578f13a17b -> 
  custom:container-demuxer-webm: 4f35f7cbe854078d1ac9338744f61a02 -> 
  custom:container-demuxer-ogg: 62fdf1f143b41e24485cea50d1cbac27 -> 
  custom:video-encoder-webm-vp8: eb34c28f22e8b96e1ab97ce403110664 -> 
  custom:video-decoder-webm-vp8: 9c59270c3fd7afecdb556c50c9e8de78 -> 
  custom:audio-decoder-ogg-vorbis: bf7c407c2cedff20999df2af8eb42d56 -> 
  custom:audio-encoder-webm-vorbis: bf7c407c2cedff20999df2af8eb42d56 -> 
AssetImportWorkerClient::OnTransportError - code=2 error=End of file
