Using pre-set license
Built from '2020.3/staging' branch; Version is '2020.3.24f1 (79c78de19888) revision 7980941'; Using compiler version '192528614'; Build Type 'Release'
OS: 'Windows 10  (10.0.19044) 64bit Professional' Language: 'ko' Physical Memory: 16153 MB
BatchMode: 1, IsHumanControllingUs: 0, StartBugReporterOnCrash: 0, Is64bit: 1, IsPro: 0

COMMAND LINE ARGUMENTS:
C:\Program Files\Unity\Hub\Editor\2020.3.24f1\Editor\Unity.exe
-adb2
-batchMode
-noUpm
-name
AssetImportWorker0
-projectPath
C:/Users/park/Desktop/겨울방학/2A_WinterFPS
-logFile
Logs/AssetImportWorker0.log
-srvPort
60126
Successfully changed project path to: C:/Users/park/Desktop/겨울방학/2A_WinterFPS
C:/Users/park/Desktop/겨울방학/2A_WinterFPS
Using Asset Import Pipeline V2.
Refreshing native plugins compatible for Editor in 44.08 ms, found 2 plugins.
Preloading 0 native plugins for Editor in 0.00 ms.
Initialize engine version: 2020.3.24f1 (79c78de19888)
[Subsystems] Discovering subsystems at path C:/Program Files/Unity/Hub/Editor/2020.3.24f1/Editor/Data/Resources/UnitySubsystems
[Subsystems] Discovering subsystems at path C:/Users/park/Desktop/겨울방학/2A_WinterFPS/Assets
GfxDevice: creating device client; threaded=0
Direct3D:
    Version:  Direct3D 11.0 [level 11.1]
    Renderer: NVIDIA GeForce RTX 3070 Laptop GPU (ID=0x249d)
    Vendor:   
    VRAM:     8044 MB
    Driver:   30.0.14.9709
Initialize mono
Mono path[0] = 'C:/Program Files/Unity/Hub/Editor/2020.3.24f1/Editor/Data/Managed'
Mono path[1] = 'C:/Program Files/Unity/Hub/Editor/2020.3.24f1/Editor/Data/MonoBleedingEdge/lib/mono/unityjit'
Mono config path = 'C:/Program Files/Unity/Hub/Editor/2020.3.24f1/Editor/Data/MonoBleedingEdge/etc'
Using monoOptions --debugger-agent=transport=dt_socket,embedding=1,server=y,suspend=n,address=127.0.0.1:56592
Begin MonoManager ReloadAssembly
Registering precompiled unity dll's ...
Register platform support module: C:/Program Files/Unity/Hub/Editor/2020.3.24f1/Editor/Data/PlaybackEngines/WebGLSupport/UnityEditor.WebGL.Extensions.dll
Register platform support module: C:/Program Files/Unity/Hub/Editor/2020.3.24f1/Editor/Data/PlaybackEngines/WindowsStandaloneSupport/UnityEditor.WindowsStandalone.Extensions.dll
Registered in 0.001623 seconds.
Native extension for WindowsStandalone target not found
Native extension for WebGL target not found
Refreshing native plugins compatible for Editor in 51.05 ms, found 2 plugins.
Preloading 0 native plugins for Editor in 0.00 ms.
Mono: successfully reloaded assembly
- Completed reload, in  0.556 seconds
Domain Reload Profiling:
	ReloadAssembly (556ms)
		BeginReloadAssembly (41ms)
			ExecutionOrderSort (0ms)
			DisableScriptedObjects (0ms)
			BackupInstance (0ms)
			ReleaseScriptingObjects (0ms)
			CreateAndSetChildDomain (1ms)
		EndReloadAssembly (456ms)
			LoadAssemblies (41ms)
			RebuildTransferFunctionScriptingTraits (0ms)
			SetupTypeCache (150ms)
			ReleaseScriptCaches (0ms)
			RebuildScriptCaches (29ms)
			SetupLoadedEditorAssemblies (166ms)
				LogAssemblyErrors (0ms)
				InitializePlatformSupportModulesInManaged (5ms)
				SetLoadedEditorAssemblies (0ms)
				RefreshPlugins (51ms)
				BeforeProcessingInitializeOnLoad (13ms)
				ProcessInitializeOnLoadAttributes (70ms)
				ProcessInitializeOnLoadMethodAttributes (27ms)
				AfterProcessingInitializeOnLoad (0ms)
				EditorAssembliesLoaded (0ms)
			ExecutionOrderSort2 (0ms)
			AwakeInstancesAfterBackupRestoration (0ms)
Platform modules already initialized, skipping
Registering precompiled user dll's ...
Registered in 0.006054 seconds.
Begin MonoManager ReloadAssembly
Native extension for WindowsStandalone target not found
Native extension for WebGL target not found
Refreshing native plugins compatible for Editor in 0.81 ms, found 2 plugins.
Preloading 0 native plugins for Editor in 0.00 ms.
Mono: successfully reloaded assembly
- Completed reload, in  1.049 seconds
Domain Reload Profiling:
	ReloadAssembly (1050ms)
		BeginReloadAssembly (124ms)
			ExecutionOrderSort (0ms)
			DisableScriptedObjects (5ms)
			BackupInstance (0ms)
			ReleaseScriptingObjects (0ms)
			CreateAndSetChildDomain (18ms)
		EndReloadAssembly (867ms)
			LoadAssemblies (105ms)
			RebuildTransferFunctionScriptingTraits (0ms)
			SetupTypeCache (270ms)
			ReleaseScriptCaches (1ms)
			RebuildScriptCaches (53ms)
			SetupLoadedEditorAssemblies (344ms)
				LogAssemblyErrors (0ms)
				InitializePlatformSupportModulesInManaged (9ms)
				SetLoadedEditorAssemblies (0ms)
				RefreshPlugins (1ms)
				BeforeProcessingInitializeOnLoad (108ms)
				ProcessInitializeOnLoadAttributes (207ms)
				ProcessInitializeOnLoadMethodAttributes (12ms)
				AfterProcessingInitializeOnLoad (6ms)
				EditorAssembliesLoaded (0ms)
			ExecutionOrderSort2 (0ms)
			AwakeInstancesAfterBackupRestoration (6ms)
Platform modules already initialized, skipping
========================================================================
Worker process is ready to serve import requests
Launched and connected shader compiler UnityShaderCompiler.exe after 0.05 seconds
Refreshing native plugins compatible for Editor in 0.49 ms, found 2 plugins.
Preloading 0 native plugins for Editor in 0.00 ms.
Unloading 2143 Unused Serialized files (Serialized files now loaded: 0)
System memory in use before: 165.4 MB.
System memory in use after: 165.4 MB.

Unloading 21 unused Assets to reduce memory usage. Loaded Objects now: 2579.
Total: 2.429500 ms (FindLiveObjects: 0.155200 ms CreateObjectMapping: 0.041900 ms MarkObjects: 2.123900 ms  DeleteObjects: 0.107100 ms)

AssetImportParameters requested are different than current active one (requested -> active):
  custom:framework-win-MediaFoundation: 216162199b28c13a410421893ffa2e32 -> 
  custom:video-decoder-ogg-theora: a1e56fd34408186e4bbccfd4996cb3dc -> 
  custom:container-muxer-webm: aa71ff27fc2769a1b78a27578f13a17b -> 
  custom:container-demuxer-webm: 4f35f7cbe854078d1ac9338744f61a02 -> 
  custom:container-demuxer-ogg: 62fdf1f143b41e24485cea50d1cbac27 -> 
  custom:video-encoder-webm-vp8: eb34c28f22e8b96e1ab97ce403110664 -> 
  custom:video-decoder-webm-vp8: 9c59270c3fd7afecdb556c50c9e8de78 -> 
  custom:audio-decoder-ogg-vorbis: bf7c407c2cedff20999df2af8eb42d56 -> 
  custom:audio-encoder-webm-vorbis: bf7c407c2cedff20999df2af8eb42d56 -> 
========================================================================
Received Import Request.
  path: Assets/Scripts/PlayerMove.cs
  artifactKey: Guid(c399f6c8669db9d44b376aa9ce5350bd) Importer(815301076,1909f56bfc062723c751e8b465ee728b)
Start importing Assets/Scripts/PlayerMove.cs using Guid(c399f6c8669db9d44b376aa9ce5350bd) Importer(815301076,1909f56bfc062723c751e8b465ee728b)  -> (artifact id: '1dbd0dc3b9f758351baf85f9590dedb9') in 0.131235 seconds 
  Import took 0.156146 seconds .

========================================================================
Received Prepare
Registering precompiled user dll's ...
Registered in 0.003368 seconds.
Begin MonoManager ReloadAssembly
Native extension for WindowsStandalone target not found
Native extension for WebGL target not found
Refreshing native plugins compatible for Editor in 0.61 ms, found 2 plugins.
Preloading 0 native plugins for Editor in 0.00 ms.
Mono: successfully reloaded assembly
- Completed reload, in  0.825 seconds
Domain Reload Profiling:
	ReloadAssembly (826ms)
		BeginReloadAssembly (111ms)
			ExecutionOrderSort (0ms)
			DisableScriptedObjects (3ms)
			BackupInstance (0ms)
			ReleaseScriptingObjects (0ms)
			CreateAndSetChildDomain (34ms)
		EndReloadAssembly (666ms)
			LoadAssemblies (77ms)
			RebuildTransferFunctionScriptingTraits (0ms)
			SetupTypeCache (238ms)
			ReleaseScriptCaches (1ms)
			RebuildScriptCaches (35ms)
			SetupLoadedEditorAssemblies (239ms)
				LogAssemblyErrors (0ms)
				InitializePlatformSupportModulesInManaged (5ms)
				SetLoadedEditorAssemblies (0ms)
				RefreshPlugins (1ms)
				BeforeProcessingInitializeOnLoad (66ms)
				ProcessInitializeOnLoadAttributes (155ms)
				ProcessInitializeOnLoadMethodAttributes (7ms)
				AfterProcessingInitializeOnLoad (4ms)
				EditorAssembliesLoaded (0ms)
			ExecutionOrderSort2 (0ms)
			AwakeInstancesAfterBackupRestoration (5ms)
Platform modules already initialized, skipping
Refreshing native plugins compatible for Editor in 0.50 ms, found 2 plugins.
Preloading 0 native plugins for Editor in 0.00 ms.
Unloading 2103 Unused Serialized files (Serialized files now loaded: 0)
System memory in use before: 161.9 MB.
System memory in use after: 162.0 MB.

Unloading 16 unused Assets to reduce memory usage. Loaded Objects now: 2581.
Total: 2.573300 ms (FindLiveObjects: 0.298400 ms CreateObjectMapping: 0.054800 ms MarkObjects: 2.126500 ms  DeleteObjects: 0.092000 ms)

AssetImportParameters requested are different than current active one (requested -> active):
  custom:framework-win-MediaFoundation: 216162199b28c13a410421893ffa2e32 -> 
  custom:video-decoder-ogg-theora: a1e56fd34408186e4bbccfd4996cb3dc -> 
  custom:container-muxer-webm: aa71ff27fc2769a1b78a27578f13a17b -> 
  custom:container-demuxer-webm: 4f35f7cbe854078d1ac9338744f61a02 -> 
  custom:container-demuxer-ogg: 62fdf1f143b41e24485cea50d1cbac27 -> 
  custom:video-encoder-webm-vp8: eb34c28f22e8b96e1ab97ce403110664 -> 
  custom:video-decoder-webm-vp8: 9c59270c3fd7afecdb556c50c9e8de78 -> 
  custom:audio-decoder-ogg-vorbis: bf7c407c2cedff20999df2af8eb42d56 -> 
  custom:audio-encoder-webm-vorbis: bf7c407c2cedff20999df2af8eb42d56 -> 
========================================================================
Received Prepare
Registering precompiled user dll's ...
Registered in 0.003547 seconds.
Begin MonoManager ReloadAssembly
Native extension for WindowsStandalone target not found
Native extension for WebGL target not found
Refreshing native plugins compatible for Editor in 0.52 ms, found 2 plugins.
Preloading 0 native plugins for Editor in 0.00 ms.
Mono: successfully reloaded assembly
- Completed reload, in  0.837 seconds
Domain Reload Profiling:
	ReloadAssembly (837ms)
		BeginReloadAssembly (114ms)
			ExecutionOrderSort (0ms)
			DisableScriptedObjects (4ms)
			BackupInstance (0ms)
			ReleaseScriptingObjects (0ms)
			CreateAndSetChildDomain (31ms)
		EndReloadAssembly (674ms)
			LoadAssemblies (74ms)
			RebuildTransferFunctionScriptingTraits (0ms)
			SetupTypeCache (243ms)
			ReleaseScriptCaches (1ms)
			RebuildScriptCaches (33ms)
			SetupLoadedEditorAssemblies (252ms)
				LogAssemblyErrors (0ms)
				InitializePlatformSupportModulesInManaged (4ms)
				SetLoadedEditorAssemblies (0ms)
				RefreshPlugins (1ms)
				BeforeProcessingInitializeOnLoad (72ms)
				ProcessInitializeOnLoadAttributes (163ms)
				ProcessInitializeOnLoadMethodAttributes (7ms)
				AfterProcessingInitializeOnLoad (4ms)
				EditorAssembliesLoaded (0ms)
			ExecutionOrderSort2 (0ms)
			AwakeInstancesAfterBackupRestoration (5ms)
Platform modules already initialized, skipping
Refreshing native plugins compatible for Editor in 0.58 ms, found 2 plugins.
Preloading 0 native plugins for Editor in 0.00 ms.
Unloading 2103 Unused Serialized files (Serialized files now loaded: 0)
System memory in use before: 161.9 MB.
System memory in use after: 162.0 MB.

Unloading 16 unused Assets to reduce memory usage. Loaded Objects now: 2583.
Total: 2.282100 ms (FindLiveObjects: 0.152100 ms CreateObjectMapping: 0.038700 ms MarkObjects: 2.022600 ms  DeleteObjects: 0.067800 ms)

AssetImportParameters requested are different than current active one (requested -> active):
  custom:framework-win-MediaFoundation: 216162199b28c13a410421893ffa2e32 -> 
  custom:video-decoder-ogg-theora: a1e56fd34408186e4bbccfd4996cb3dc -> 
  custom:container-muxer-webm: aa71ff27fc2769a1b78a27578f13a17b -> 
  custom:container-demuxer-webm: 4f35f7cbe854078d1ac9338744f61a02 -> 
  custom:container-demuxer-ogg: 62fdf1f143b41e24485cea50d1cbac27 -> 
  custom:video-encoder-webm-vp8: eb34c28f22e8b96e1ab97ce403110664 -> 
  custom:video-decoder-webm-vp8: 9c59270c3fd7afecdb556c50c9e8de78 -> 
  custom:audio-decoder-ogg-vorbis: bf7c407c2cedff20999df2af8eb42d56 -> 
  custom:audio-encoder-webm-vorbis: bf7c407c2cedff20999df2af8eb42d56 -> 
========================================================================
Received Prepare
Registering precompiled user dll's ...
Registered in 0.003350 seconds.
Begin MonoManager ReloadAssembly
Native extension for WindowsStandalone target not found
Native extension for WebGL target not found
Refreshing native plugins compatible for Editor in 0.74 ms, found 2 plugins.
Preloading 0 native plugins for Editor in 0.00 ms.
Mono: successfully reloaded assembly
- Completed reload, in  0.836 seconds
Domain Reload Profiling:
	ReloadAssembly (837ms)
		BeginReloadAssembly (98ms)
			ExecutionOrderSort (0ms)
			DisableScriptedObjects (4ms)
			BackupInstance (0ms)
			ReleaseScriptingObjects (0ms)
			CreateAndSetChildDomain (28ms)
		EndReloadAssembly (689ms)
			LoadAssemblies (69ms)
			RebuildTransferFunctionScriptingTraits (0ms)
			SetupTypeCache (245ms)
			ReleaseScriptCaches (1ms)
			RebuildScriptCaches (35ms)
			SetupLoadedEditorAssemblies (255ms)
				LogAssemblyErrors (0ms)
				InitializePlatformSupportModulesInManaged (6ms)
				SetLoadedEditorAssemblies (1ms)
				RefreshPlugins (1ms)
				BeforeProcessingInitializeOnLoad (67ms)
				ProcessInitializeOnLoadAttributes (169ms)
				ProcessInitializeOnLoadMethodAttributes (8ms)
				AfterProcessingInitializeOnLoad (4ms)
				EditorAssembliesLoaded (0ms)
			ExecutionOrderSort2 (0ms)
			AwakeInstancesAfterBackupRestoration (5ms)
Platform modules already initialized, skipping
Refreshing native plugins compatible for Editor in 0.53 ms, found 2 plugins.
Preloading 0 native plugins for Editor in 0.00 ms.
Unloading 2103 Unused Serialized files (Serialized files now loaded: 0)
System memory in use before: 161.9 MB.
System memory in use after: 162.0 MB.

Unloading 16 unused Assets to reduce memory usage. Loaded Objects now: 2585.
Total: 3.040900 ms (FindLiveObjects: 0.164900 ms CreateObjectMapping: 0.050700 ms MarkObjects: 2.732400 ms  DeleteObjects: 0.091800 ms)

AssetImportParameters requested are different than current active one (requested -> active):
  custom:framework-win-MediaFoundation: 216162199b28c13a410421893ffa2e32 -> 
  custom:video-decoder-ogg-theora: a1e56fd34408186e4bbccfd4996cb3dc -> 
  custom:container-muxer-webm: aa71ff27fc2769a1b78a27578f13a17b -> 
  custom:container-demuxer-webm: 4f35f7cbe854078d1ac9338744f61a02 -> 
  custom:container-demuxer-ogg: 62fdf1f143b41e24485cea50d1cbac27 -> 
  custom:video-encoder-webm-vp8: eb34c28f22e8b96e1ab97ce403110664 -> 
  custom:video-decoder-webm-vp8: 9c59270c3fd7afecdb556c50c9e8de78 -> 
  custom:audio-decoder-ogg-vorbis: bf7c407c2cedff20999df2af8eb42d56 -> 
  custom:audio-encoder-webm-vorbis: bf7c407c2cedff20999df2af8eb42d56 -> 
========================================================================
Received Prepare
Registering precompiled user dll's ...
Registered in 0.003947 seconds.
Begin MonoManager ReloadAssembly
Native extension for WindowsStandalone target not found
Native extension for WebGL target not found
Refreshing native plugins compatible for Editor in 0.82 ms, found 2 plugins.
Preloading 0 native plugins for Editor in 0.00 ms.
Mono: successfully reloaded assembly
- Completed reload, in  0.907 seconds
Domain Reload Profiling:
	ReloadAssembly (907ms)
		BeginReloadAssembly (119ms)
			ExecutionOrderSort (0ms)
			DisableScriptedObjects (5ms)
			BackupInstance (0ms)
			ReleaseScriptingObjects (0ms)
			CreateAndSetChildDomain (31ms)
		EndReloadAssembly (734ms)
			LoadAssemblies (81ms)
			RebuildTransferFunctionScriptingTraits (0ms)
			SetupTypeCache (250ms)
			ReleaseScriptCaches (1ms)
			RebuildScriptCaches (37ms)
			SetupLoadedEditorAssemblies (284ms)
				LogAssemblyErrors (0ms)
				InitializePlatformSupportModulesInManaged (7ms)
				SetLoadedEditorAssemblies (1ms)
				RefreshPlugins (1ms)
				BeforeProcessingInitializeOnLoad (86ms)
				ProcessInitializeOnLoadAttributes (174ms)
				ProcessInitializeOnLoadMethodAttributes (9ms)
				AfterProcessingInitializeOnLoad (5ms)
				EditorAssembliesLoaded (0ms)
			ExecutionOrderSort2 (0ms)
			AwakeInstancesAfterBackupRestoration (6ms)
Platform modules already initialized, skipping
Refreshing native plugins compatible for Editor in 0.58 ms, found 2 plugins.
Preloading 0 native plugins for Editor in 0.00 ms.
Unloading 2103 Unused Serialized files (Serialized files now loaded: 0)
System memory in use before: 162.0 MB.
System memory in use after: 162.0 MB.

Unloading 16 unused Assets to reduce memory usage. Loaded Objects now: 2587.
Total: 2.750100 ms (FindLiveObjects: 0.156700 ms CreateObjectMapping: 0.039400 ms MarkObjects: 2.487900 ms  DeleteObjects: 0.064700 ms)

AssetImportParameters requested are different than current active one (requested -> active):
  custom:framework-win-MediaFoundation: 216162199b28c13a410421893ffa2e32 -> 
  custom:video-decoder-ogg-theora: a1e56fd34408186e4bbccfd4996cb3dc -> 
  custom:container-muxer-webm: aa71ff27fc2769a1b78a27578f13a17b -> 
  custom:container-demuxer-webm: 4f35f7cbe854078d1ac9338744f61a02 -> 
  custom:container-demuxer-ogg: 62fdf1f143b41e24485cea50d1cbac27 -> 
  custom:video-encoder-webm-vp8: eb34c28f22e8b96e1ab97ce403110664 -> 
  custom:video-decoder-webm-vp8: 9c59270c3fd7afecdb556c50c9e8de78 -> 
  custom:audio-decoder-ogg-vorbis: bf7c407c2cedff20999df2af8eb42d56 -> 
  custom:audio-encoder-webm-vorbis: bf7c407c2cedff20999df2af8eb42d56 -> 
========================================================================
Received Prepare
Registering precompiled user dll's ...
Registered in 0.003803 seconds.
Begin MonoManager ReloadAssembly
Native extension for WindowsStandalone target not found
Native extension for WebGL target not found
Refreshing native plugins compatible for Editor in 0.64 ms, found 2 plugins.
Preloading 0 native plugins for Editor in 0.00 ms.
Mono: successfully reloaded assembly
- Completed reload, in  0.820 seconds
Domain Reload Profiling:
	ReloadAssembly (821ms)
		BeginReloadAssembly (105ms)
			ExecutionOrderSort (0ms)
			DisableScriptedObjects (3ms)
			BackupInstance (0ms)
			ReleaseScriptingObjects (0ms)
			CreateAndSetChildDomain (29ms)
		EndReloadAssembly (665ms)
			LoadAssemblies (70ms)
			RebuildTransferFunctionScriptingTraits (0ms)
			SetupTypeCache (226ms)
			ReleaseScriptCaches (1ms)
			RebuildScriptCaches (38ms)
			SetupLoadedEditorAssemblies (257ms)
				LogAssemblyErrors (0ms)
				InitializePlatformSupportModulesInManaged (5ms)
				SetLoadedEditorAssemblies (0ms)
				RefreshPlugins (1ms)
				BeforeProcessingInitializeOnLoad (68ms)
				ProcessInitializeOnLoadAttributes (170ms)
				ProcessInitializeOnLoadMethodAttributes (8ms)
				AfterProcessingInitializeOnLoad (4ms)
				EditorAssembliesLoaded (0ms)
			ExecutionOrderSort2 (0ms)
			AwakeInstancesAfterBackupRestoration (5ms)
Platform modules already initialized, skipping
Refreshing native plugins compatible for Editor in 0.72 ms, found 2 plugins.
Preloading 0 native plugins for Editor in 0.00 ms.
Unloading 2103 Unused Serialized files (Serialized files now loaded: 0)
System memory in use before: 161.9 MB.
System memory in use after: 161.9 MB.

Unloading 16 unused Assets to reduce memory usage. Loaded Objects now: 2589.
Total: 2.475300 ms (FindLiveObjects: 0.201400 ms CreateObjectMapping: 0.040100 ms MarkObjects: 2.164800 ms  DeleteObjects: 0.067000 ms)

AssetImportParameters requested are different than current active one (requested -> active):
  custom:framework-win-MediaFoundation: 216162199b28c13a410421893ffa2e32 -> 
  custom:video-decoder-ogg-theora: a1e56fd34408186e4bbccfd4996cb3dc -> 
  custom:container-muxer-webm: aa71ff27fc2769a1b78a27578f13a17b -> 
  custom:container-demuxer-webm: 4f35f7cbe854078d1ac9338744f61a02 -> 
  custom:container-demuxer-ogg: 62fdf1f143b41e24485cea50d1cbac27 -> 
  custom:video-encoder-webm-vp8: eb34c28f22e8b96e1ab97ce403110664 -> 
  custom:video-decoder-webm-vp8: 9c59270c3fd7afecdb556c50c9e8de78 -> 
  custom:audio-decoder-ogg-vorbis: bf7c407c2cedff20999df2af8eb42d56 -> 
  custom:audio-encoder-webm-vorbis: bf7c407c2cedff20999df2af8eb42d56 -> 
========================================================================
Received Prepare
Registering precompiled user dll's ...
Registered in 0.003716 seconds.
Begin MonoManager ReloadAssembly
Native extension for WindowsStandalone target not found
Native extension for WebGL target not found
Refreshing native plugins compatible for Editor in 0.78 ms, found 2 plugins.
Preloading 0 native plugins for Editor in 0.00 ms.
Mono: successfully reloaded assembly
- Completed reload, in  0.908 seconds
Domain Reload Profiling:
	ReloadAssembly (909ms)
		BeginReloadAssembly (98ms)
			ExecutionOrderSort (0ms)
			DisableScriptedObjects (5ms)
			BackupInstance (0ms)
			ReleaseScriptingObjects (0ms)
			CreateAndSetChildDomain (30ms)
		EndReloadAssembly (754ms)
			LoadAssemblies (76ms)
			RebuildTransferFunctionScriptingTraits (0ms)
			SetupTypeCache (258ms)
			ReleaseScriptCaches (1ms)
			RebuildScriptCaches (38ms)
			SetupLoadedEditorAssemblies (289ms)
				LogAssemblyErrors (0ms)
				InitializePlatformSupportModulesInManaged (7ms)
				SetLoadedEditorAssemblies (1ms)
				RefreshPlugins (1ms)
				BeforeProcessingInitializeOnLoad (88ms)
				ProcessInitializeOnLoadAttributes (179ms)
				ProcessInitializeOnLoadMethodAttributes (9ms)
				AfterProcessingInitializeOnLoad (5ms)
				EditorAssembliesLoaded (0ms)
			ExecutionOrderSort2 (0ms)
			AwakeInstancesAfterBackupRestoration (5ms)
Platform modules already initialized, skipping
Refreshing native plugins compatible for Editor in 0.54 ms, found 2 plugins.
Preloading 0 native plugins for Editor in 0.00 ms.
Unloading 2103 Unused Serialized files (Serialized files now loaded: 0)
System memory in use before: 162.0 MB.
System memory in use after: 162.1 MB.

Unloading 16 unused Assets to reduce memory usage. Loaded Objects now: 2591.
Total: 2.436100 ms (FindLiveObjects: 0.157900 ms CreateObjectMapping: 0.033800 ms MarkObjects: 2.167400 ms  DeleteObjects: 0.075200 ms)

AssetImportParameters requested are different than current active one (requested -> active):
  custom:framework-win-MediaFoundation: 216162199b28c13a410421893ffa2e32 -> 
  custom:video-decoder-ogg-theora: a1e56fd34408186e4bbccfd4996cb3dc -> 
  custom:container-muxer-webm: aa71ff27fc2769a1b78a27578f13a17b -> 
  custom:container-demuxer-webm: 4f35f7cbe854078d1ac9338744f61a02 -> 
  custom:container-demuxer-ogg: 62fdf1f143b41e24485cea50d1cbac27 -> 
  custom:video-encoder-webm-vp8: eb34c28f22e8b96e1ab97ce403110664 -> 
  custom:video-decoder-webm-vp8: 9c59270c3fd7afecdb556c50c9e8de78 -> 
  custom:audio-decoder-ogg-vorbis: bf7c407c2cedff20999df2af8eb42d56 -> 
  custom:audio-encoder-webm-vorbis: bf7c407c2cedff20999df2af8eb42d56 -> 
========================================================================
Received Import Request.
  Time since last request: 1047.404086 seconds.
  path: Assets/TextMesh Pro/Sprites
  artifactKey: Guid(d0603b6d5186471b96c778c3949c7ce2) Importer(815301076,1909f56bfc062723c751e8b465ee728b)
Start importing Assets/TextMesh Pro/Sprites using Guid(d0603b6d5186471b96c778c3949c7ce2) Importer(815301076,1909f56bfc062723c751e8b465ee728b)  -> (artifact id: 'c825b4ecabc52a724fdd8944d5209777') in 0.012345 seconds 
  Import took 0.018168 seconds .

========================================================================
Received Import Request.
  Time since last request: 0.291801 seconds.
  path: Assets/TextMesh Pro/Sprites/EmojiOne.png
  artifactKey: Guid(dffef66376be4fa480fb02b19edbe903) Importer(815301076,1909f56bfc062723c751e8b465ee728b)
Start importing Assets/TextMesh Pro/Sprites/EmojiOne.png using Guid(dffef66376be4fa480fb02b19edbe903) Importer(815301076,1909f56bfc062723c751e8b465ee728b)  -> (artifact id: '657d5f5000c502145171a6c21ebb2ea3') in 0.085465 seconds 
  Import took 0.089902 seconds .

========================================================================
Received Import Request.
  Time since last request: 1.661480 seconds.
  path: Assets/TextMesh Pro/Fonts/LiberationSans.ttf
  artifactKey: Guid(e3265ab4bf004d28a9537516768c1c75) Importer(815301076,1909f56bfc062723c751e8b465ee728b)
Start importing Assets/TextMesh Pro/Fonts/LiberationSans.ttf using Guid(e3265ab4bf004d28a9537516768c1c75) Importer(815301076,1909f56bfc062723c751e8b465ee728b)  -> (artifact id: 'ceef5bf49b6431932e6d196bb3b5075b') in 0.090237 seconds 
  Import took 0.095560 seconds .

========================================================================
Received Import Request.
  Time since last request: 0.424535 seconds.
  path: Assets/TextMesh Pro/Resources/TMP Settings.asset
  artifactKey: Guid(3f5b5dff67a942289a9defa416b206f3) Importer(815301076,1909f56bfc062723c751e8b465ee728b)
Start importing Assets/TextMesh Pro/Resources/TMP Settings.asset using Guid(3f5b5dff67a942289a9defa416b206f3) Importer(815301076,1909f56bfc062723c751e8b465ee728b)  -> (artifact id: 'f06e4db75e84475a342d19a9b2ca1acf') in 0.061421 seconds 
  Import took 0.066279 seconds .

========================================================================
Received Import Request.
  Time since last request: 22.106794 seconds.
  path: Assets/ModAssets/Fonts/Bangers-Regular SDF.asset
  artifactKey: Guid(0e141b3397d234c8685509c5d77ebcf1) Importer(815301076,1909f56bfc062723c751e8b465ee728b)
Start importing Assets/ModAssets/Fonts/Bangers-Regular SDF.asset using Guid(0e141b3397d234c8685509c5d77ebcf1) Importer(815301076,1909f56bfc062723c751e8b465ee728b)  -> (artifact id: '86eeb7e79bfe8e1d4fe8ead422bbad13') in 0.037924 seconds 
  Import took 0.042347 seconds .

========================================================================
Received Import Request.
  Time since last request: 0.000208 seconds.
  path: Assets/ModAssets/Fonts/ZCOOLKuaiLe-Regular SDF.asset
  artifactKey: Guid(8ebfeea7062344f0c96b8a1d614a92b1) Importer(815301076,1909f56bfc062723c751e8b465ee728b)
Start importing Assets/ModAssets/Fonts/ZCOOLKuaiLe-Regular SDF.asset using Guid(8ebfeea7062344f0c96b8a1d614a92b1) Importer(815301076,1909f56bfc062723c751e8b465ee728b)  -> (artifact id: '13d4420ff82be1274eb2fb6c5b9eabf1') in 0.024954 seconds 
  Import took 0.029365 seconds .

========================================================================
Received Import Request.
  Time since last request: 0.000204 seconds.
  path: Assets/ModAssets/Fonts/CormorantUnicase-Regular SDF.asset
  artifactKey: Guid(ba62bccd3bc0142bc9a0bc1addeaadce) Importer(815301076,1909f56bfc062723c751e8b465ee728b)
Start importing Assets/ModAssets/Fonts/CormorantUnicase-Regular SDF.asset using Guid(ba62bccd3bc0142bc9a0bc1addeaadce) Importer(815301076,1909f56bfc062723c751e8b465ee728b)  -> (artifact id: '8fa13d2bde3f1d5d38623fa63de38bee') in 0.027551 seconds 
  Import took 0.031926 seconds .

========================================================================
Received Import Request.
  Time since last request: 0.000268 seconds.
  path: Assets/ModAssets/Fonts/Merriweather-Regular SDF.asset
  artifactKey: Guid(ea4179ba609564f33b822e1be581b321) Importer(815301076,1909f56bfc062723c751e8b465ee728b)
Start importing Assets/ModAssets/Fonts/Merriweather-Regular SDF.asset using Guid(ea4179ba609564f33b822e1be581b321) Importer(815301076,1909f56bfc062723c751e8b465ee728b)  -> (artifact id: '547003165fb4746b7b25081e8542a665') in 0.026665 seconds 
  Import took 0.030482 seconds .

========================================================================
Received Import Request.
  Time since last request: 0.000234 seconds.
  path: Assets/ModAssets/Fonts/Raleway-Regular SDF.asset
  artifactKey: Guid(2abf75d6e0d8a4aa6910fae6ee5d638b) Importer(815301076,1909f56bfc062723c751e8b465ee728b)
Start importing Assets/ModAssets/Fonts/Raleway-Regular SDF.asset using Guid(2abf75d6e0d8a4aa6910fae6ee5d638b) Importer(815301076,1909f56bfc062723c751e8b465ee728b)  -> (artifact id: '7c9535a1b5a5e7263efb02d229db6970') in 0.026068 seconds 
  Import took 0.029789 seconds .

========================================================================
Received Import Request.
  Time since last request: 0.000196 seconds.
  path: Assets/ModAssets/Fonts/PressStart2P-Regular SDF.asset
  artifactKey: Guid(88003508be39e449cb51c48494e680cf) Importer(815301076,1909f56bfc062723c751e8b465ee728b)
Start importing Assets/ModAssets/Fonts/PressStart2P-Regular SDF.asset using Guid(88003508be39e449cb51c48494e680cf) Importer(815301076,1909f56bfc062723c751e8b465ee728b)  -> (artifact id: 'f82d252061ca4cd9c5b09a7007c8062d') in 0.025428 seconds 
  Import took 0.029573 seconds .

========================================================================
Received Import Request.
  Time since last request: 0.000196 seconds.
  path: Assets/ModAssets/Fonts/Orbitron-Regular SDF.asset
  artifactKey: Guid(d393f12bd75574ef991a7a2c74b29c69) Importer(815301076,1909f56bfc062723c751e8b465ee728b)
Start importing Assets/ModAssets/Fonts/Orbitron-Regular SDF.asset using Guid(d393f12bd75574ef991a7a2c74b29c69) Importer(815301076,1909f56bfc062723c751e8b465ee728b)  -> (artifact id: '51eacc859711ebe4f77706125b6cc48f') in 0.024368 seconds 
  Import took 0.028173 seconds .

========================================================================
Received Import Request.
  Time since last request: 0.000230 seconds.
  path: Assets/ModAssets/Fonts/BioRhymeExpanded-Regular SDF.asset
  artifactKey: Guid(2d0aaede2506c4ca0969c32576224028) Importer(815301076,1909f56bfc062723c751e8b465ee728b)
Start importing Assets/ModAssets/Fonts/BioRhymeExpanded-Regular SDF.asset using Guid(2d0aaede2506c4ca0969c32576224028) Importer(815301076,1909f56bfc062723c751e8b465ee728b)  -> (artifact id: 'f9e652f52ba48f950e9910b9d3abaf88') in 0.026068 seconds 
  Import took 0.029850 seconds .

========================================================================
Received Import Request.
  Time since last request: 0.000207 seconds.
  path: Assets/ModAssets/Fonts/DancingScript-Regular SDF.asset
  artifactKey: Guid(7b50419dd5d254755b7929b05d413472) Importer(815301076,1909f56bfc062723c751e8b465ee728b)
Start importing Assets/ModAssets/Fonts/DancingScript-Regular SDF.asset using Guid(7b50419dd5d254755b7929b05d413472) Importer(815301076,1909f56bfc062723c751e8b465ee728b)  -> (artifact id: 'd1cdd5896618b5284f6ae20f6faca798') in 0.026141 seconds 
  Import took 0.030484 seconds .

========================================================================
Received Import Request.
  Time since last request: 0.000199 seconds.
  path: Assets/ModAssets/Fonts/IndieFlower SDF.asset
  artifactKey: Guid(2a0d250d860e74880b33abdcb4a9da2a) Importer(815301076,1909f56bfc062723c751e8b465ee728b)
Start importing Assets/ModAssets/Fonts/IndieFlower SDF.asset using Guid(2a0d250d860e74880b33abdcb4a9da2a) Importer(815301076,1909f56bfc062723c751e8b465ee728b)  -> (artifact id: 'e1126ce870f969cc8473f53441853e41') in 0.024221 seconds 
  Import took 0.028782 seconds .

========================================================================
Received Import Request.
  Time since last request: 2.685840 seconds.
  path: Assets/FPS/Animation
  artifactKey: Guid(1196d99c6d2bcd143a6841927e1edab1) Importer(815301076,1909f56bfc062723c751e8b465ee728b)
Start importing Assets/FPS/Animation using Guid(1196d99c6d2bcd143a6841927e1edab1) Importer(815301076,1909f56bfc062723c751e8b465ee728b)  -> (artifact id: '26c17f4b01d60ddfdd3f5950167b51dc') in 0.005665 seconds 
  Import took 0.010147 seconds .

========================================================================
Received Import Request.
  Time since last request: 2.949377 seconds.
  path: Assets/FPS/Prefabs
  artifactKey: Guid(65b43a85cb457704a8b23d16f6f85da7) Importer(815301076,1909f56bfc062723c751e8b465ee728b)
Start importing Assets/FPS/Prefabs using Guid(65b43a85cb457704a8b23d16f6f85da7) Importer(815301076,1909f56bfc062723c751e8b465ee728b)  -> (artifact id: '0731a99dc3421f7e199414cb52f2a35e') in 0.005160 seconds 
  Import took 0.009950 seconds .

========================================================================
Received Import Request.
  Time since last request: 1.343617 seconds.
  path: Assets/FPS/Prefabs/Level
  artifactKey: Guid(8e96c28432351a64485a29913decece4) Importer(815301076,1909f56bfc062723c751e8b465ee728b)
Start importing Assets/FPS/Prefabs/Level using Guid(8e96c28432351a64485a29913decece4) Importer(815301076,1909f56bfc062723c751e8b465ee728b)  -> (artifact id: 'f486803821b4e7108c4d02c6617c2b16') in 0.006187 seconds 
  Import took 0.010270 seconds .

========================================================================
Received Import Request.
  Time since last request: 62.008814 seconds.
  path: Assets/FPS/Art/Materials
  artifactKey: Guid(e55922e2388a0e84091d26e15709843f) Importer(815301076,1909f56bfc062723c751e8b465ee728b)
Start importing Assets/FPS/Art/Materials using Guid(e55922e2388a0e84091d26e15709843f) Importer(815301076,1909f56bfc062723c751e8b465ee728b)  -> (artifact id: '8aee2b55b99fd763e871ac6ce656c377') in 0.016646 seconds 
  Import took 0.020466 seconds .

========================================================================
Received Prepare
Registering precompiled user dll's ...
Registered in 0.005973 seconds.
Begin MonoManager ReloadAssembly
Native extension for WindowsStandalone target not found
Native extension for WebGL target not found
Refreshing native plugins compatible for Editor in 0.52 ms, found 2 plugins.
Preloading 0 native plugins for Editor in 0.00 ms.
Mono: successfully reloaded assembly
- Completed reload, in  0.827 seconds
Domain Reload Profiling:
	ReloadAssembly (827ms)
		BeginReloadAssembly (101ms)
			ExecutionOrderSort (0ms)
			DisableScriptedObjects (3ms)
			BackupInstance (0ms)
			ReleaseScriptingObjects (0ms)
			CreateAndSetChildDomain (32ms)
		EndReloadAssembly (662ms)
			LoadAssemblies (77ms)
			RebuildTransferFunctionScriptingTraits (0ms)
			SetupTypeCache (233ms)
			ReleaseScriptCaches (1ms)
			RebuildScriptCaches (33ms)
			SetupLoadedEditorAssemblies (245ms)
				LogAssemblyErrors (0ms)
				InitializePlatformSupportModulesInManaged (4ms)
				SetLoadedEditorAssemblies (0ms)
				RefreshPlugins (1ms)
				BeforeProcessingInitializeOnLoad (71ms)
				ProcessInitializeOnLoadAttributes (157ms)
				ProcessInitializeOnLoadMethodAttributes (8ms)
				AfterProcessingInitializeOnLoad (4ms)
				EditorAssembliesLoaded (0ms)
			ExecutionOrderSort2 (0ms)
			AwakeInstancesAfterBackupRestoration (5ms)
Platform modules already initialized, skipping
Refreshing native plugins compatible for Editor in 0.54 ms, found 2 plugins.
Preloading 0 native plugins for Editor in 0.00 ms.
Unloading 2103 Unused Serialized files (Serialized files now loaded: 0)
System memory in use before: 165.3 MB.
System memory in use after: 165.4 MB.

Unloading 16 unused Assets to reduce memory usage. Loaded Objects now: 2638.
Total: 3.238400 ms (FindLiveObjects: 0.185500 ms CreateObjectMapping: 0.040300 ms MarkObjects: 2.922900 ms  DeleteObjects: 0.088100 ms)

AssetImportParameters requested are different than current active one (requested -> active):
  custom:framework-win-MediaFoundation: 216162199b28c13a410421893ffa2e32 -> 
  custom:video-decoder-ogg-theora: a1e56fd34408186e4bbccfd4996cb3dc -> 
  custom:container-muxer-webm: aa71ff27fc2769a1b78a27578f13a17b -> 
  custom:container-demuxer-webm: 4f35f7cbe854078d1ac9338744f61a02 -> 
  custom:container-demuxer-ogg: 62fdf1f143b41e24485cea50d1cbac27 -> 
  custom:video-encoder-webm-vp8: eb34c28f22e8b96e1ab97ce403110664 -> 
  custom:video-decoder-webm-vp8: 9c59270c3fd7afecdb556c50c9e8de78 -> 
  custom:audio-decoder-ogg-vorbis: bf7c407c2cedff20999df2af8eb42d56 -> 
  custom:audio-encoder-webm-vorbis: bf7c407c2cedff20999df2af8eb42d56 -> 
========================================================================
Received Import Request.
  Time since last request: 103.065582 seconds.
  path: Assets/FPS/Art/Materials/Props/Jetpack.mat
  artifactKey: Guid(2163f1532b18af3478e39475952f1ae7) Importer(815301076,1909f56bfc062723c751e8b465ee728b)
Start importing Assets/FPS/Art/Materials/Props/Jetpack.mat using Guid(2163f1532b18af3478e39475952f1ae7) Importer(815301076,1909f56bfc062723c751e8b465ee728b)  -> (artifact id: '0a2140a3051dec827718e20d62d191db') in 0.064490 seconds 
  Import took 0.068339 seconds .

========================================================================
Received Import Request.
  Time since last request: 48.149608 seconds.
  path: Assets/FPS/Art/Materials/VFX/DiskExplosion.mat
  artifactKey: Guid(133346923945d9f4db816ec7db12fd03) Importer(815301076,1909f56bfc062723c751e8b465ee728b)
Start importing Assets/FPS/Art/Materials/VFX/DiskExplosion.mat using Guid(133346923945d9f4db816ec7db12fd03) Importer(815301076,1909f56bfc062723c751e8b465ee728b)  -> (artifact id: '04bb54da91cb2abf45bc9d80dd79eeb3') in 0.020948 seconds 
  Import took 0.025452 seconds .

========================================================================
Received Import Request.
  Time since last request: 0.000233 seconds.
  path: Assets/FPS/Art/Materials/VFX/SmokeOverheat.mat
  artifactKey: Guid(c0c800bf948180345ad0ef9380a6851f) Importer(815301076,1909f56bfc062723c751e8b465ee728b)
Start importing Assets/FPS/Art/Materials/VFX/SmokeOverheat.mat using Guid(c0c800bf948180345ad0ef9380a6851f) Importer(815301076,1909f56bfc062723c751e8b465ee728b)  -> (artifact id: 'f8bf580c7def759111e9a85c235b1668') in 0.018914 seconds 
  Import took 0.023713 seconds .

========================================================================
Received Import Request.
  Time since last request: 0.000221 seconds.
  path: Assets/FPS/Art/Materials/VFX/PickupSparkles.mat
  artifactKey: Guid(bd15f58914d13654ea82dac46526077b) Importer(815301076,1909f56bfc062723c751e8b465ee728b)
Start importing Assets/FPS/Art/Materials/VFX/PickupSparkles.mat using Guid(bd15f58914d13654ea82dac46526077b) Importer(815301076,1909f56bfc062723c751e8b465ee728b)  -> (artifact id: 'd49f8b67c27eee935a649c0d29c7d148') in 0.019092 seconds 
  Import took 0.023141 seconds .

========================================================================
Received Import Request.
  Time since last request: 0.000189 seconds.
  path: Assets/FPS/Art/Materials/VFX/Projectile_red.mat
  artifactKey: Guid(fe10a01f7f670b144936b99b7a5a468f) Importer(815301076,1909f56bfc062723c751e8b465ee728b)
Start importing Assets/FPS/Art/Materials/VFX/Projectile_red.mat using Guid(fe10a01f7f670b144936b99b7a5a468f) Importer(815301076,1909f56bfc062723c751e8b465ee728b)  -> (artifact id: '3007d8478a036a4b96fb8c29883b3170') in 0.064689 seconds 
  Import took 0.068987 seconds .

========================================================================
Received Import Request.
  Time since last request: 0.000232 seconds.
  path: Assets/FPS/Art/Materials/VFX/DiskSpinning.mat
  artifactKey: Guid(968af284edcef924bb56ad46d60123e6) Importer(815301076,1909f56bfc062723c751e8b465ee728b)
Start importing Assets/FPS/Art/Materials/VFX/DiskSpinning.mat using Guid(968af284edcef924bb56ad46d60123e6) Importer(815301076,1909f56bfc062723c751e8b465ee728b)  -> (artifact id: '5bdc7f27574a6224bd4b84d8fec3ebd4') in 0.049602 seconds 
  Import took 0.054436 seconds .

========================================================================
Received Import Request.
  Time since last request: 0.000187 seconds.
  path: Assets/FPS/Art/Materials/VFX/ProjectileTrail.mat
  artifactKey: Guid(97a1887a7cfda624fb3c2b8aa7e32973) Importer(815301076,1909f56bfc062723c751e8b465ee728b)
Start importing Assets/FPS/Art/Materials/VFX/ProjectileTrail.mat using Guid(97a1887a7cfda624fb3c2b8aa7e32973) Importer(815301076,1909f56bfc062723c751e8b465ee728b)  -> (artifact id: '00df697d3f1e2d9c0ad391e0c147ad1c') in 0.017779 seconds 
  Import took 0.021499 seconds .

========================================================================
Received Import Request.
  Time since last request: 0.000186 seconds.
  path: Assets/FPS/Art/Materials/VFX/Lazer_Green.mat
  artifactKey: Guid(b4f29d2b8d27495478384372a6e55304) Importer(815301076,1909f56bfc062723c751e8b465ee728b)
Start importing Assets/FPS/Art/Materials/VFX/Lazer_Green.mat using Guid(b4f29d2b8d27495478384372a6e55304) Importer(815301076,1909f56bfc062723c751e8b465ee728b)  -> (artifact id: '2c0a1998987cad4205588b1b96f8714a') in 0.016635 seconds 
  Import took 0.020795 seconds .

========================================================================
Received Import Request.
  Time since last request: 0.000209 seconds.
  path: Assets/FPS/Art/Materials/VFX/Wireframe_Cage.mat
  artifactKey: Guid(d737cdf1ca21a1941a07c6b9a9b5f1d1) Importer(815301076,1909f56bfc062723c751e8b465ee728b)
Start importing Assets/FPS/Art/Materials/VFX/Wireframe_Cage.mat using Guid(d737cdf1ca21a1941a07c6b9a9b5f1d1) Importer(815301076,1909f56bfc062723c751e8b465ee728b)  -> (artifact id: '802f3c38b0087581e7fe95463d9fcb37') in 0.019899 seconds 
  Import took 0.023768 seconds .

========================================================================
Received Import Request.
  Time since last request: 0.000191 seconds.
  path: Assets/FPS/Art/Materials/VFX/Lazer_Blue.mat
  artifactKey: Guid(a7baa8fdcb831b44d87d70b1e6941b39) Importer(815301076,1909f56bfc062723c751e8b465ee728b)
Start importing Assets/FPS/Art/Materials/VFX/Lazer_Blue.mat using Guid(a7baa8fdcb831b44d87d70b1e6941b39) Importer(815301076,1909f56bfc062723c751e8b465ee728b)  -> (artifact id: '7f6f9b283c371fbef19a41f40c7a4b6a') in 0.016103 seconds 
  Import took 0.019670 seconds .

========================================================================
Received Import Request.
  Time since last request: 0.000216 seconds.
  path: Assets/FPS/Art/Materials/VFX/SmokeAngry.mat
  artifactKey: Guid(c652749532525cf40a10b2c90cd662c4) Importer(815301076,1909f56bfc062723c751e8b465ee728b)
Start importing Assets/FPS/Art/Materials/VFX/SmokeAngry.mat using Guid(c652749532525cf40a10b2c90cd662c4) Importer(815301076,1909f56bfc062723c751e8b465ee728b)  -> (artifact id: '6512047c2906c9c1f9814b1401ffb072') in 0.019303 seconds 
  Import took 0.023384 seconds .

========================================================================
Received Import Request.
  Time since last request: 0.000204 seconds.
  path: Assets/FPS/Art/Materials/VFX/DiskExplosionRange.mat
  artifactKey: Guid(4f2fb46f738b103429ec2625eeb40639) Importer(815301076,1909f56bfc062723c751e8b465ee728b)
Start importing Assets/FPS/Art/Materials/VFX/DiskExplosionRange.mat using Guid(4f2fb46f738b103429ec2625eeb40639) Importer(815301076,1909f56bfc062723c751e8b465ee728b)  -> (artifact id: 'e008ae6ee25767d54d5e404636056284') in 0.037625 seconds 
  Import took 0.040915 seconds .

========================================================================
Received Import Request.
  Time since last request: 0.000214 seconds.
  path: Assets/FPS/Art/Materials/Weapons/WeaponPistol.mat
  artifactKey: Guid(0c55f53a7bb3c354ababeb18b89c2fce) Importer(815301076,1909f56bfc062723c751e8b465ee728b)
Start importing Assets/FPS/Art/Materials/Weapons/WeaponPistol.mat using Guid(0c55f53a7bb3c354ababeb18b89c2fce) Importer(815301076,1909f56bfc062723c751e8b465ee728b)  -> (artifact id: '4167ca5f421506d7445ee6f0652c3448') in 0.020636 seconds 
  Import took 0.024617 seconds .

========================================================================
Received Import Request.
  Time since last request: 0.000186 seconds.
  path: Assets/FPS/Art/Materials/Weapons/WeaponDisc_Transparent.mat
  artifactKey: Guid(9ae6d1cb1fd13ec4e956f81a56ceccfb) Importer(815301076,1909f56bfc062723c751e8b465ee728b)
Start importing Assets/FPS/Art/Materials/Weapons/WeaponDisc_Transparent.mat using Guid(9ae6d1cb1fd13ec4e956f81a56ceccfb) Importer(815301076,1909f56bfc062723c751e8b465ee728b)  -> (artifact id: '2211263de2a9150ebe92a9c4f8573293') in 0.028527 seconds 
  Import took 0.032857 seconds .

========================================================================
Received Import Request.
  Time since last request: 0.000206 seconds.
  path: Assets/FPS/Art/Materials/Weapons/WeaponShotgun_Transparent.mat
  artifactKey: Guid(4427ba4d0feb17e499226c8bdccb35a5) Importer(815301076,1909f56bfc062723c751e8b465ee728b)
Start importing Assets/FPS/Art/Materials/Weapons/WeaponShotgun_Transparent.mat using Guid(4427ba4d0feb17e499226c8bdccb35a5) Importer(815301076,1909f56bfc062723c751e8b465ee728b)  -> (artifact id: 'ce90de1b5f308a32cd7ac137a2306836') in 0.017098 seconds 
  Import took 0.020424 seconds .

========================================================================
Received Import Request.
  Time since last request: 0.000194 seconds.
  path: Assets/FPS/Art/Materials/Weapons/Gun.mat
  artifactKey: Guid(17a7e49545726f94f9d0b396b9b6d60b) Importer(815301076,1909f56bfc062723c751e8b465ee728b)
Start importing Assets/FPS/Art/Materials/Weapons/Gun.mat using Guid(17a7e49545726f94f9d0b396b9b6d60b) Importer(815301076,1909f56bfc062723c751e8b465ee728b)  -> (artifact id: 'd813bf2454b5a32ef14bd266caab3778') in 0.018636 seconds 
  Import took 0.022629 seconds .

========================================================================
Received Import Request.
  Time since last request: 0.000215 seconds.
  path: Assets/FPS/Art/Materials/VFX/HealthPickups.mat
  artifactKey: Guid(ebfa40a40d62b2b40a61c30fe7411e11) Importer(815301076,1909f56bfc062723c751e8b465ee728b)
Start importing Assets/FPS/Art/Materials/VFX/HealthPickups.mat using Guid(ebfa40a40d62b2b40a61c30fe7411e11) Importer(815301076,1909f56bfc062723c751e8b465ee728b)  -> (artifact id: '4a564159e49c842b007cc7a4f1ef97b8') in 0.018517 seconds 
  Import took 0.022358 seconds .

========================================================================
Received Import Request.
  Time since last request: 0.000195 seconds.
  path: Assets/FPS/Art/Materials/VFX/M_HealthPickup.mat
  artifactKey: Guid(42997a46d4ce7ac48a673a5ae3d8ae68) Importer(815301076,1909f56bfc062723c751e8b465ee728b)
Start importing Assets/FPS/Art/Materials/VFX/M_HealthPickup.mat using Guid(42997a46d4ce7ac48a673a5ae3d8ae68) Importer(815301076,1909f56bfc062723c751e8b465ee728b)  -> (artifact id: 'd544dfbb3a669a73c5cc0037ef2d30fb') in 0.019283 seconds 
  Import took 0.023269 seconds .

========================================================================
Received Import Request.
  Time since last request: 0.000205 seconds.
  path: Assets/FPS/Art/Materials/VFX/GunCylinders.mat
  artifactKey: Guid(170a8a9edf248d642990ead8020b8f0c) Importer(815301076,1909f56bfc062723c751e8b465ee728b)
Start importing Assets/FPS/Art/Materials/VFX/GunCylinders.mat using Guid(170a8a9edf248d642990ead8020b8f0c) Importer(815301076,1909f56bfc062723c751e8b465ee728b)  -> (artifact id: 'aafbcaef539601a999ea92ae00e438cc') in 0.018954 seconds 
  Import took 0.023760 seconds .

========================================================================
Received Import Request.
  Time since last request: 0.000193 seconds.
  path: Assets/FPS/Art/Materials/VFX/GunCylinders_Trail.mat
  artifactKey: Guid(eaddd324196a6784498ed43296062edf) Importer(815301076,1909f56bfc062723c751e8b465ee728b)
Start importing Assets/FPS/Art/Materials/VFX/GunCylinders_Trail.mat using Guid(eaddd324196a6784498ed43296062edf) Importer(815301076,1909f56bfc062723c751e8b465ee728b)  -> (artifact id: 'bdca7ed1c979efe8d5f2e1b2d2c045a5') in 0.016753 seconds 
  Import took 0.020598 seconds .

========================================================================
Received Import Request.
  Time since last request: 0.000196 seconds.
  path: Assets/FPS/Art/Materials/VFX/HealthCube.mat
  artifactKey: Guid(a0798aa25b2a35247b262820a588a364) Importer(815301076,1909f56bfc062723c751e8b465ee728b)
Start importing Assets/FPS/Art/Materials/VFX/HealthCube.mat using Guid(a0798aa25b2a35247b262820a588a364) Importer(815301076,1909f56bfc062723c751e8b465ee728b)  -> (artifact id: 'b75a9f35934e75ae042bbf928c720cbc') in 1.494101 seconds 
  Import took 1.498082 seconds .

========================================================================
Received Import Request.
  Time since last request: 0.000224 seconds.
  path: Assets/FPS/Art/Materials/VFX/Projectile_green.mat
  artifactKey: Guid(e4d0ea9642095ef4cb76e9b3c9f91eef) Importer(815301076,1909f56bfc062723c751e8b465ee728b)
Start importing Assets/FPS/Art/Materials/VFX/Projectile_green.mat using Guid(e4d0ea9642095ef4cb76e9b3c9f91eef) Importer(815301076,1909f56bfc062723c751e8b465ee728b)  -> (artifact id: 'c82a50d3a8dfefd43294a41e50a84b84') in 0.017355 seconds 
  Import took 0.020794 seconds .

========================================================================
Received Import Request.
  Time since last request: 0.000191 seconds.
  path: Assets/FPS/Art/Materials/Weapons/WeaponDisc.mat
  artifactKey: Guid(bbfadc30c17002448a215c8857fefa7a) Importer(815301076,1909f56bfc062723c751e8b465ee728b)
Start importing Assets/FPS/Art/Materials/Weapons/WeaponDisc.mat using Guid(bbfadc30c17002448a215c8857fefa7a) Importer(815301076,1909f56bfc062723c751e8b465ee728b)  -> (artifact id: 'ebd9a0d3daa271459667ef9155e1e288') in 0.020448 seconds 
  Import took 0.024444 seconds .

========================================================================
Received Import Request.
  Time since last request: 0.000168 seconds.
  path: Assets/FPS/Art/Materials/Weapons/WeaponPistol_Transparent.mat
  artifactKey: Guid(ad562f26d8dd3e34d9fd70367f5d6f14) Importer(815301076,1909f56bfc062723c751e8b465ee728b)
Start importing Assets/FPS/Art/Materials/Weapons/WeaponPistol_Transparent.mat using Guid(ad562f26d8dd3e34d9fd70367f5d6f14) Importer(815301076,1909f56bfc062723c751e8b465ee728b)  -> (artifact id: 'acc6d13749cc9aa6320b3a5baca8b8aa') in 0.018298 seconds 
  Import took 0.023105 seconds .

========================================================================
Received Import Request.
  Time since last request: 0.000216 seconds.
  path: Assets/FPS/Art/Materials/VFX/JetPackTrail.mat
  artifactKey: Guid(b06de00127b56814e9454c2d7d9f139a) Importer(815301076,1909f56bfc062723c751e8b465ee728b)
Start importing Assets/FPS/Art/Materials/VFX/JetPackTrail.mat using Guid(b06de00127b56814e9454c2d7d9f139a) Importer(815301076,1909f56bfc062723c751e8b465ee728b)  -> (artifact id: '69f1062dada1b7d3a8d18c00878e977c') in 0.012723 seconds 
  Import took 0.016589 seconds .

========================================================================
Received Import Request.
  Time since last request: 0.000215 seconds.
  path: Assets/FPS/Art/Materials/Weapons/WeaponLauncher.mat
  artifactKey: Guid(22f11abeab840ed4c95b6e653f74f8ee) Importer(815301076,1909f56bfc062723c751e8b465ee728b)
Start importing Assets/FPS/Art/Materials/Weapons/WeaponLauncher.mat using Guid(22f11abeab840ed4c95b6e653f74f8ee) Importer(815301076,1909f56bfc062723c751e8b465ee728b)  -> (artifact id: 'fa5c85fd2397b718c9d3045eec905655') in 0.015184 seconds 
  Import took 0.018950 seconds .

========================================================================
Received Import Request.
  Time since last request: 0.000215 seconds.
  path: Assets/FPS/Art/Materials/VFX/FakeShadowBlob.mat
  artifactKey: Guid(700c8e4508ea3b34999c1917db3d4424) Importer(815301076,1909f56bfc062723c751e8b465ee728b)
Start importing Assets/FPS/Art/Materials/VFX/FakeShadowBlob.mat using Guid(700c8e4508ea3b34999c1917db3d4424) Importer(815301076,1909f56bfc062723c751e8b465ee728b)  -> (artifact id: 'b16929ec0c9734d6f3cc3f43c7b61793') in 0.013944 seconds 
  Import took 0.017977 seconds .

========================================================================
Received Import Request.
  Time since last request: 0.000189 seconds.
  path: Assets/FPS/Art/Materials/VFX/Sun.mat
  artifactKey: Guid(8da422a2fd1750842899fc4b5d7f9161) Importer(815301076,1909f56bfc062723c751e8b465ee728b)
Start importing Assets/FPS/Art/Materials/VFX/Sun.mat using Guid(8da422a2fd1750842899fc4b5d7f9161) Importer(815301076,1909f56bfc062723c751e8b465ee728b)  -> (artifact id: 'a0ea20c8a3a092fd2cec8e89216bdd26') in 0.016899 seconds 
  Import took 0.021722 seconds .

========================================================================
Received Import Request.
  Time since last request: 0.000194 seconds.
  path: Assets/FPS/Art/Materials/VFX/Lazer_Red.mat
  artifactKey: Guid(530af3a8082ffb14897ac6b74259b8a1) Importer(815301076,1909f56bfc062723c751e8b465ee728b)
Start importing Assets/FPS/Art/Materials/VFX/Lazer_Red.mat using Guid(530af3a8082ffb14897ac6b74259b8a1) Importer(815301076,1909f56bfc062723c751e8b465ee728b)  -> (artifact id: 'baba5a71a19f1b1ce387d67f8e980198') in 0.015307 seconds 
  Import took 0.019493 seconds .

========================================================================
Received Import Request.
  Time since last request: 0.000193 seconds.
  path: Assets/FPS/Art/Materials/VFX/ShrapnelTriangle.mat
  artifactKey: Guid(01da79e0e5f33824fa9d48c9577b241b) Importer(815301076,1909f56bfc062723c751e8b465ee728b)
Start importing Assets/FPS/Art/Materials/VFX/ShrapnelTriangle.mat using Guid(01da79e0e5f33824fa9d48c9577b241b) Importer(815301076,1909f56bfc062723c751e8b465ee728b)  -> (artifact id: '7fb39a69ada31e1956e1619ac5738b1e') in 0.016978 seconds 
  Import took 0.020108 seconds .

========================================================================
Received Import Request.
  Time since last request: 0.000187 seconds.
  path: Assets/FPS/Art/Materials/VFX/Projectile_blue.mat
  artifactKey: Guid(4892be09e48c5a441b36e4cffb963fb4) Importer(815301076,1909f56bfc062723c751e8b465ee728b)
Start importing Assets/FPS/Art/Materials/VFX/Projectile_blue.mat using Guid(4892be09e48c5a441b36e4cffb963fb4) Importer(815301076,1909f56bfc062723c751e8b465ee728b)  -> (artifact id: '59863fcea453b25866de3965e00cc68b') in 0.015855 seconds 
  Import took 0.020248 seconds .

========================================================================
Received Import Request.
  Time since last request: 0.000215 seconds.
  path: Assets/FPS/Art/Materials/Weapons/WeaponShotgun.mat
  artifactKey: Guid(011763291d1bfed4aaaf1719a71df141) Importer(815301076,1909f56bfc062723c751e8b465ee728b)
Start importing Assets/FPS/Art/Materials/Weapons/WeaponShotgun.mat using Guid(011763291d1bfed4aaaf1719a71df141) Importer(815301076,1909f56bfc062723c751e8b465ee728b)  -> (artifact id: '724e372d0f2fef8edebc1dcfc275a0b9') in 0.017696 seconds 
  Import took 0.021651 seconds .

========================================================================
Received Import Request.
  Time since last request: 0.000214 seconds.
  path: Assets/FPS/Art/Materials/Weapons/WeaponBlaster.mat
  artifactKey: Guid(378d0d996297d3146b8a2ec85e9065ab) Importer(815301076,1909f56bfc062723c751e8b465ee728b)
Start importing Assets/FPS/Art/Materials/Weapons/WeaponBlaster.mat using Guid(378d0d996297d3146b8a2ec85e9065ab) Importer(815301076,1909f56bfc062723c751e8b465ee728b)  -> (artifact id: '95efdf21b9bbd0f8d4534cd512527e40') in 0.016654 seconds 
  Import took 0.021056 seconds .

========================================================================
Received Import Request.
  Time since last request: 0.000213 seconds.
  path: Assets/FPS/Art/Materials/VFX/ExclamationMark.mat
  artifactKey: Guid(a0c4a8e5c3d13f04e8e43d7cb33d1ea4) Importer(815301076,1909f56bfc062723c751e8b465ee728b)
Start importing Assets/FPS/Art/Materials/VFX/ExclamationMark.mat using Guid(a0c4a8e5c3d13f04e8e43d7cb33d1ea4) Importer(815301076,1909f56bfc062723c751e8b465ee728b)  -> (artifact id: 'acaa215e90527bdf04865ac8522aa37e') in 0.018089 seconds 
  Import took 0.021263 seconds .

========================================================================
Received Import Request.
  Time since last request: 0.000218 seconds.
  path: Assets/FPS/Art/Materials/VFX/HealthGlow.mat
  artifactKey: Guid(6967651d58cf5e54db62fcdb44b7b2fb) Importer(815301076,1909f56bfc062723c751e8b465ee728b)
Start importing Assets/FPS/Art/Materials/VFX/HealthGlow.mat using Guid(6967651d58cf5e54db62fcdb44b7b2fb) Importer(815301076,1909f56bfc062723c751e8b465ee728b)  -> (artifact id: '866c97163378ade8cedb668b5193ef06') in 0.019933 seconds 
  Import took 0.023272 seconds .

========================================================================
Received Import Request.
  Time since last request: 0.000218 seconds.
  path: Assets/FPS/Art/Materials/VFX/ImpactFlare.mat
  artifactKey: Guid(5e98ae3eabd1549449a0ae4409a21eff) Importer(815301076,1909f56bfc062723c751e8b465ee728b)
Start importing Assets/FPS/Art/Materials/VFX/ImpactFlare.mat using Guid(5e98ae3eabd1549449a0ae4409a21eff) Importer(815301076,1909f56bfc062723c751e8b465ee728b)  -> (artifact id: '35ed99b136b45d2a13b2dffe92efe080') in 0.018164 seconds 
  Import took 0.022140 seconds .

========================================================================
Received Import Request.
  Time since last request: 0.000244 seconds.
  path: Assets/FPS/Art/Materials/VFX/MuzzleFlash.mat
  artifactKey: Guid(eb52fb0b8eb988248aac01ce3d48f122) Importer(815301076,1909f56bfc062723c751e8b465ee728b)
Start importing Assets/FPS/Art/Materials/VFX/MuzzleFlash.mat using Guid(eb52fb0b8eb988248aac01ce3d48f122) Importer(815301076,1909f56bfc062723c751e8b465ee728b)  -> (artifact id: 'daf25876c2f06f5d0a096d28cf15b981') in 0.012079 seconds 
  Import took 0.017049 seconds .

========================================================================
Received Import Request.
  Time since last request: 10.782069 seconds.
  path: Assets/FPS/Art/Textures/UI
  artifactKey: Guid(99b8b350fff35784899773804e883eaa) Importer(815301076,1909f56bfc062723c751e8b465ee728b)
Start importing Assets/FPS/Art/Textures/UI using Guid(99b8b350fff35784899773804e883eaa) Importer(815301076,1909f56bfc062723c751e8b465ee728b)  -> (artifact id: '59c1e031dd861e69f70f6c6c9d93bc6c') in 0.007252 seconds 
  Import took 0.011380 seconds .

AssetImportWorkerClient::OnTransportError - code=2 error=End of file
